<?xml version="1.0" encoding="UTF-8"?>
<testng-results ignored="1" total="2" passed="1" failed="0" skipped="0">
  <reporter-output>
  </reporter-output>
  <suite started-at="2026-08-13T15:39:07 IST" name="Default suite" finished-at="2026-08-13T15:39:31 IST" duration-ms="24638">
    <groups>
    </groups>
    <test started-at="2026-08-13T15:39:07 IST" name="Default test" finished-at="2026-08-13T15:39:31 IST" duration-ms="24638">
      <class name="package1.NykaTest1">
        <test-method is-config="true" signature="configBS()[pri:0, instance:package1.NykaTest1@79079097]" started-at="2026-08-13T15:39:07 IST" name="configBS" finished-at="2026-08-13T15:39:07 IST" duration-ms="37" status="PASS">
          <reporter-output>
          </reporter-output>
        </test-method> <!-- configBS -->
        <test-method is-config="true" signature="configBC()[pri:0, instance:package1.NykaTest1@79079097]" started-at="2026-08-13T15:39:07 IST" name="configBC" finished-at="2026-08-13T15:39:13 IST" duration-ms="6291" status="PASS">
          <reporter-output>
          </reporter-output>
        </test-method> <!-- configBC -->
        <test-method is-config="true" signature="configBM()[pri:0, instance:package1.NykaTest1@79079097]" started-at="2026-08-13T15:39:13 IST" name="configBM" finished-at="2026-08-13T15:39:22 IST" duration-ms="9288" status="PASS">
          <reporter-output>
          </reporter-output>
        </test-method> <!-- configBM -->
        <test-method signature="test2()[pri:0, instance:package1.NykaTest1@79079097]" started-at="2026-08-13T15:39:22 IST" name="test2" finished-at="2026-08-13T15:39:29 IST" duration-ms="6688" status="PASS">
          <reporter-output>
          </reporter-output>
        </test-method> <!-- test2 -->
        <test-method is-config="true" signature="configAM()[pri:0, instance:package1.NykaTest1@79079097]" started-at="2026-08-13T15:39:29 IST" name="configAM" finished-at="2026-08-13T15:39:29 IST" duration-ms="154" status="PASS">
          <reporter-output>
          </reporter-output>
        </test-method> <!-- configAM -->
        <test-method is-config="true" signature="configAC()[pri:0, instance:package1.NykaTest1@79079097]" started-at="2026-08-13T15:39:29 IST" name="configAC" finished-at="2026-08-13T15:39:31 IST" duration-ms="2057" status="PASS">
          <reporter-output>
          </reporter-output>
        </test-method> <!-- configAC -->
        <test-method is-config="true" signature="configAS()[pri:0, instance:package1.NykaTest1@79079097]" started-at="2026-08-13T15:39:31 IST" name="configAS" finished-at="2026-08-13T15:39:31 IST" duration-ms="1" status="PASS">
          <reporter-output>
          </reporter-output>
        </test-method> <!-- configAS -->
      </class> <!-- package1.NykaTest1 -->
    </test> <!-- Default test -->
  </suite> <!-- Default suite -->
</testng-results>
